<?xml version="1.0" encoding="UTF-8"?>
<testsuite name="com.ndc.tools.ValidateWorkedExamplesTest" tests="10" skipped="0" failures="0" errors="0" timestamp="2026-02-13T21:19:26.459Z" hostname="basilisk" time="0.091">
  <properties/>
  <testcase name="validateXml returns valid for conforming XML" classname="com.ndc.tools.ValidateWorkedExamplesTest" time="0.058"/>
  <testcase name="extractSchemaInfo returns nulls for malformed XML" classname="com.ndc.tools.ValidateWorkedExamplesTest" time="0.002"/>
  <testcase name="checkWellFormed returns true for valid XML" classname="com.ndc.tools.ValidateWorkedExamplesTest" time="0.006"/>
  <testcase name="validateXml returns invalid with error for non-conforming XML" classname="com.ndc.tools.ValidateWorkedExamplesTest" time="0.008"/>
  <testcase name="extractSchemaInfo parses schemaLocation with version and filename" classname="com.ndc.tools.ValidateWorkedExamplesTest" time="0.002"/>
  <testcase name="resolveSchemaPath raw mode returns direct path" classname="com.ndc.tools.ValidateWorkedExamplesTest" time="0.001"/>
  <testcase name="resolveSchemaPath flattened mode handles non-IATA prefix" classname="com.ndc.tools.ValidateWorkedExamplesTest" time="0.0"/>
  <testcase name="checkWellFormed returns false for malformed XML" classname="com.ndc.tools.ValidateWorkedExamplesTest" time="0.005"/>
  <testcase name="resolveSchemaPath flattened mode strips IATA_ prefix for folder" classname="com.ndc.tools.ValidateWorkedExamplesTest" time="0.0"/>
  <testcase name="extractSchemaInfo returns nulls when no schemaLocation" classname="com.ndc.tools.ValidateWorkedExamplesTest" time="0.0"/>
  <system-out><![CDATA[]]></system-out>
  <system-err><![CDATA[]]></system-err>
</testsuite>
